Arguments: 
  /usr/local/bin/node /usr/local/Cellar/yarn/1.22.10/libexec/bin/yarn.js publish --access public

PATH: 
  /usr/local/opt/openjdk/bin:/Users/kentakang/.composer/vendor/bin:/Users/kentakang/.cargo/bin:/usr/local/bin:/usr/bin:/bin:/usr/sbin:/sbin:/Library/Apple/usr/bin:/usr/local/opt/openjdk/bin:/Users/kentakang/.composer/vendor/bin:/Users/kentakang/.cargo/bin

Yarn version: 
  1.22.10

Node version: 
  14.5.0

Platform: 
  darwin x64

Trace: 
  Error: canceled
      at Interface.<anonymous> (/usr/local/Cellar/yarn/1.22.10/libexec/lib/cli.js:137009:13)
      at Interface.emit (events.js:314:20)
      at Interface._ttyWrite (readline.js:875:16)
      at ReadStream.onkeypress (readline.js:213:10)
      at ReadStream.emit (events.js:314:20)
      at emitKeys (internal/readline/utils.js:335:14)
      at emitKeys.next (<anonymous>)
      at ReadStream.onData (readline.js:1144:36)
      at ReadStream.emit (events.js:314:20)
      at addChunk (_stream_readable.js:304:12)

npm manifest: 
  {
    "name": "@dkbrothers/react-native-banner-carousel",
    "version": "1.0.5",
    "description": "a carousel component for React Native",
    "main": "out/index.js",
    "typings": "out/index.d.ts",
    "scripts": {
      "build": "tsc -w",
      "test": "echo \"Error: no test specified\" && exit 1"
    },
    "repository": {
      "type": "git",
      "url": "git+https://github.com/dkbrothers/react-native-banner-carousel.git"
    },
    "keywords": [
      "react-native-component",
      "react-component",
      "react-native",
      "ios",
      "android",
      "swiper",
      "carousel",
      "react-native-swiper",
      "react-native-carousel"
    ],
    "author": "xzper",
    "license": "MIT",
    "bugs": {
      "url": "https://github.com/dkbrothers/react-native-banner-carousel/issues"
    },
    "homepage": "https://github.com/dkbrothers/react-native-banner-carousel",
    "devDependencies": {},
    "dependencies": {
      "@types/react-native": "^0.63.34"
    }
  }

yarn manifest: 
  No manifest

Lockfile: 
  # THIS IS AN AUTOGENERATED FILE. DO NOT EDIT THIS FILE DIRECTLY.
  # yarn lockfile v1
  
  
  "@types/prop-types@*":
    version "15.7.3"
    resolved "https://registry.yarnpkg.com/@types/prop-types/-/prop-types-15.7.3.tgz#2ab0d5da2e5815f94b0b9d4b95d1e5f243ab2ca7"
    integrity sha512-KfRL3PuHmqQLOG+2tGpRO26Ctg+Cq1E01D2DMriKEATHgWLfeNDmq9e29Q9WIky0dQ3NPkd1mzYH8Lm936Z9qw==
  
  "@types/react-native@^0.63.34":
    version "0.63.34"
    resolved "https://registry.yarnpkg.com/@types/react-native/-/react-native-0.63.34.tgz#745270747308a09266eb061d9e1423d365670396"
    integrity sha512-6syTIfUt+DY4mJBoO0Y5i4jsDg0I7v31XIPRgsJZAlHeMY9p9GehtGd4VpQKB/NgzLiGzx9ahJPE8w+0lt/WxA==
    dependencies:
      "@types/react" "*"
  
  "@types/react@*":
    version "16.9.56"
    resolved "https://registry.yarnpkg.com/@types/react/-/react-16.9.56.tgz#ea25847b53c5bec064933095fc366b1462e2adf0"
    integrity sha512-gIkl4J44G/qxbuC6r2Xh+D3CGZpJ+NdWTItAPmZbR5mUS+JQ8Zvzpl0ea5qT/ZT3ZNTUcDKUVqV3xBE8wv/DyQ==
    dependencies:
      "@types/prop-types" "*"
      csstype "^3.0.2"
  
  csstype@^3.0.2:
    version "3.0.5"
    resolved "https://registry.yarnpkg.com/csstype/-/csstype-3.0.5.tgz#7fdec6a28a67ae18647c51668a9ff95bb2fa7bb8"
    integrity sha512-uVDi8LpBUKQj6sdxNaTetL6FpeCqTjOvAQuQUa/qAqq8oOd4ivkbhgnqayl0dnPal8Tb/yB1tF+gOvCBiicaiQ==
